2025-03-10 12:05 [START] Logging started
2025-03-10 12:05 [ERROR] something went wrong
2025-03-10 12:05 [INFO] User logged in
2025-03-10 13:19 [START] Driver started.
2025-03-10 13:22 [PASSWORD] Password set
2025-03-10 13:24 [ENCRYPT] RESULT OIWWC
2025-03-10 13:24 [DECRYPT] REULT AAAAA
2025-03-10 13:24 [DECRYPT] RESULT HELLO
2025-03-10 13:25 [QUIT] Driver shutting down.
2025-03-10 13:27 [START] Driver started.
2025-03-10 13:27 [DECRYPT] ERROR Password not set.
2025-03-10 13:27 [PASSWORD] Password set
2025-03-10 13:28 [DECRYPT] RESULT HELLO
2025-03-10 13:28 [DECRYPT] RESULT RRRRR
2025-03-24 09:27 [START] Driver started.
2025-03-24 09:27 [PASSWORD] Password set
2025-03-24 09:27 [ENCRYPT] RESULT MCHBL
2025-03-24 09:27 [DECRYPT] RESULT BOBBY
2025-03-24 09:28 [ENCRYPT] RESULT SSRLB
2025-03-24 09:28 [PASSWORD] Password set
2025-03-24 09:28 [DECRYPT] RESULT HELLO
2025-03-24 09:29 [QUIT] Driver shutting down.
2025-03-24 09:52 [START] Driver started.
2025-03-24 09:52 [PASSWORD] Password set
2025-03-24 09:52 [ENCRYPT] RESULT MCH
2025-03-24 09:53 [DECRYPT] RESULT QAV
2025-03-24 09:54 [QUIT] Driver shutting down.
